<?xml version="1.0" encoding="UTF-8"?>
<!-- Generated by org.testng.reporters.JUnitReportReporter -->
<testsuite hostname="DESKTOP-PKRGAQS" failures="0" tests="9" name="Package1.RA" time="6.288" errors="0" timestamp="2023-01-16T10:57:45 IST" skipped="8">
  <testcase classname="Package1.RA" name="test5" time="6.288"/>
  <system-out/>
  <testcase classname="Package1.RA" name="test9">
    <skipped/>
  </testcase> <!-- test9 -->
  <system-out/>
  <testcase classname="Package1.RA" name="test6">
    <skipped/>
  </testcase> <!-- test6 -->
  <system-out/>
  <testcase classname="Package1.RA" name="test7">
    <skipped/>
  </testcase> <!-- test7 -->
  <system-out/>
  <testcase classname="Package1.RA" name="test2">
    <skipped/>
  </testcase> <!-- test2 -->
  <system-out/>
  <testcase classname="Package1.RA" name="test3">
    <skipped/>
  </testcase> <!-- test3 -->
  <system-out/>
  <testcase classname="Package1.RA" name="test8">
    <skipped/>
  </testcase> <!-- test8 -->
  <system-out/>
  <testcase classname="Package1.RA" name="test1">
    <skipped/>
  </testcase> <!-- test1 -->
  <system-out/>
  <testcase classname="Package1.RA" name="test4">
    <skipped/>
  </testcase> <!-- test4 -->
  <system-out/>
</testsuite> <!-- Package1.RA -->
